{"/Users/petrokryvenko/Projects/Own/Others/vector-implementation/src/Point.ts": {"path":"/Users/petrokryvenko/Projects/Own/Others/vector-implementation/src/Point.ts","statementMap":{"0":{"start":{"line":1,"column":0},"end":{"line":1,"column":13}},"1":{"start":{"line":2,"column":23},"end":{"line":2,"column":45}},"2":{"start":{"line":2,"column":45},"end":{"line":2,"column":67}},"3":{"start":{"line":2,"column":67},"end":{"line":2,"column":84}},"4":{"start":{"line":2,"column":23},"end":{"line":2,"column":36}},"5":{"start":{"line":2,"column":45},"end":{"line":2,"column":58}},"6":{"start":{"line":2,"column":67},"end":{"line":2,"column":80}},"7":{"start":{"line":4,"column":4},"end":{"line":6,"column":null}},"8":{"start":{"line":5,"column":8},"end":{"line":5,"column":40}},"9":{"start":{"line":7,"column":0},"end":{"line":7,"column":null}},"10":{"start":{"line":1,"column":13},"end":{"line":1,"column":18}}},"fnMap":{"0":{"name":"(anonymous_0)","decl":{"start":{"line":1,"column":0},"end":{"line":1,"column":13}},"loc":{"start":{"line":1,"column":0},"end":{"line":7,"column":null}}},"1":{"name":"Point","decl":{"start":{"line":2,"column":4},"end":{"line":2,"column":23}},"loc":{"start":{"line":2,"column":80},"end":{"line":2,"column":85}}},"2":{"name":"(anonymous_2)","decl":{"start":{"line":4,"column":4},"end":{"line":4,"column":8}},"loc":{"start":{"line":4,"column":4},"end":{"line":6,"column":5}}}},"branchMap":{"0":{"loc":{"start":{"line":2,"column":23},"end":{"line":2,"column":45}},"type":"if","locations":[{"start":{"line":2,"column":23},"end":{"line":2,"column":45}},{"start":{"line":2,"column":23},"end":{"line":2,"column":45}}]},"1":{"loc":{"start":{"line":2,"column":45},"end":{"line":2,"column":67}},"type":"if","locations":[{"start":{"line":2,"column":45},"end":{"line":2,"column":67}},{"start":{"line":2,"column":45},"end":{"line":2,"column":67}}]},"2":{"loc":{"start":{"line":2,"column":67},"end":{"line":2,"column":84}},"type":"if","locations":[{"start":{"line":2,"column":67},"end":{"line":2,"column":84}},{"start":{"line":2,"column":67},"end":{"line":2,"column":84}}]}},"s":{"0":1,"1":60,"2":60,"3":84,"4":60,"5":60,"6":60,"7":1,"8":2,"9":1,"10":1},"f":{"0":1,"1":60,"2":2},"b":{"0":[0,60],"1":[0,60],"2":[24,36]}}
,"/Users/petrokryvenko/Projects/Own/Others/vector-implementation/src/Vector.ts": {"path":"/Users/petrokryvenko/Projects/Own/Others/vector-implementation/src/Vector.ts","statementMap":{"0":{"start":{"line":1,"column":0},"end":{"line":1,"column":32}},"1":{"start":{"line":3,"column":0},"end":{"line":3,"column":13}},"2":{"start":{"line":4,"column":23},"end":{"line":4,"column":40}},"3":{"start":{"line":4,"column":49},"end":{"line":4,"column":67}},"4":{"start":{"line":6,"column":4},"end":{"line":8,"column":null}},"5":{"start":{"line":7,"column":8},"end":{"line":7,"column":168}},"6":{"start":{"line":10,"column":4},"end":{"line":16,"column":null}},"7":{"start":{"line":11,"column":8},"end":{"line":15,"column":10}},"8":{"start":{"line":18,"column":4},"end":{"line":22,"column":null}},"9":{"start":{"line":19,"column":34},"end":{"line":19,"column":124}},"10":{"start":{"line":19,"column":109},"end":{"line":19,"column":123}},"11":{"start":{"line":20,"column":37},"end":{"line":20,"column":128}},"12":{"start":{"line":20,"column":113},"end":{"line":20,"column":127}},"13":{"start":{"line":21,"column":8},"end":{"line":21,"column":73}},"14":{"start":{"line":24,"column":4},"end":{"line":28,"column":null}},"15":{"start":{"line":25,"column":35},"end":{"line":25,"column":182}},"16":{"start":{"line":26,"column":36},"end":{"line":26,"column":189}},"17":{"start":{"line":27,"column":8},"end":{"line":27,"column":67}},"18":{"start":{"line":30,"column":4},"end":{"line":34,"column":null}},"19":{"start":{"line":31,"column":38},"end":{"line":31,"column":54}},"20":{"start":{"line":32,"column":39},"end":{"line":32,"column":62}},"21":{"start":{"line":33,"column":8},"end":{"line":33,"column":172}},"22":{"start":{"line":36,"column":4},"end":{"line":45,"column":null}},"23":{"start":{"line":37,"column":38},"end":{"line":37,"column":54}},"24":{"start":{"line":38,"column":39},"end":{"line":38,"column":62}},"25":{"start":{"line":39,"column":37},"end":{"line":43,"column":19}},"26":{"start":{"line":44,"column":8},"end":{"line":44,"column":82}},"27":{"start":{"line":47,"column":4},"end":{"line":51,"column":null}},"28":{"start":{"line":48,"column":38},"end":{"line":48,"column":54}},"29":{"start":{"line":49,"column":39},"end":{"line":49,"column":62}},"30":{"start":{"line":50,"column":8},"end":{"line":50,"column":180}},"31":{"start":{"line":53,"column":4},"end":{"line":55,"column":null}},"32":{"start":{"line":54,"column":8},"end":{"line":54,"column":54}},"33":{"start":{"line":57,"column":4},"end":{"line":60,"column":null}},"34":{"start":{"line":58,"column":29},"end":{"line":58,"column":63}},"35":{"start":{"line":59,"column":8},"end":{"line":59,"column":88}},"36":{"start":{"line":61,"column":0},"end":{"line":61,"column":null}},"37":{"start":{"line":3,"column":13},"end":{"line":3,"column":19}}},"fnMap":{"0":{"name":"(anonymous_1)","decl":{"start":{"line":3,"column":0},"end":{"line":3,"column":13}},"loc":{"start":{"line":3,"column":0},"end":{"line":61,"column":null}}},"1":{"name":"Vector","decl":{"start":{"line":4,"column":4},"end":{"line":4,"column":23}},"loc":{"start":{"line":4,"column":67},"end":{"line":4,"column":72}}},"2":{"name":"(anonymous_3)","decl":{"start":{"line":6,"column":4},"end":{"line":6,"column":8}},"loc":{"start":{"line":6,"column":4},"end":{"line":8,"column":5}}},"3":{"name":"(anonymous_4)","decl":{"start":{"line":10,"column":4},"end":{"line":10,"column":8}},"loc":{"start":{"line":10,"column":4},"end":{"line":16,"column":5}}},"4":{"name":"(anonymous_5)","decl":{"start":{"line":18,"column":4},"end":{"line":18,"column":25}},"loc":{"start":{"line":18,"column":39},"end":{"line":22,"column":5}}},"5":{"name":"(anonymous_6)","decl":{"start":{"line":19,"column":82},"end":{"line":19,"column":83}},"loc":{"start":{"line":19,"column":96},"end":{"line":19,"column":114}}},"6":{"name":"(anonymous_7)","decl":{"start":{"line":20,"column":86},"end":{"line":20,"column":87}},"loc":{"start":{"line":20,"column":100},"end":{"line":20,"column":118}}},"7":{"name":"(anonymous_8)","decl":{"start":{"line":24,"column":4},"end":{"line":24,"column":13}},"loc":{"start":{"line":24,"column":33},"end":{"line":28,"column":5}}},"8":{"name":"(anonymous_9)","decl":{"start":{"line":30,"column":4},"end":{"line":30,"column":18}},"loc":{"start":{"line":30,"column":38},"end":{"line":34,"column":5}}},"9":{"name":"(anonymous_10)","decl":{"start":{"line":36,"column":4},"end":{"line":36,"column":20}},"loc":{"start":{"line":36,"column":40},"end":{"line":45,"column":5}}},"10":{"name":"(anonymous_11)","decl":{"start":{"line":47,"column":4},"end":{"line":47,"column":11}},"loc":{"start":{"line":47,"column":31},"end":{"line":51,"column":5}}},"11":{"name":"(anonymous_12)","decl":{"start":{"line":53,"column":4},"end":{"line":53,"column":16}},"loc":{"start":{"line":53,"column":36},"end":{"line":55,"column":5}}},"12":{"name":"(anonymous_13)","decl":{"start":{"line":57,"column":4},"end":{"line":57,"column":15}},"loc":{"start":{"line":57,"column":35},"end":{"line":60,"column":5}}}},"branchMap":{"0":{"loc":{"start":{"line":50,"column":15},"end":{"line":50,"column":67}},"type":"binary-expr","locations":[{"start":{"line":50,"column":15},"end":{"line":50,"column":67}},{"start":{"line":50,"column":71},"end":{"line":50,"column":123}},{"start":{"line":50,"column":127},"end":{"line":50,"column":179}}]}},"s":{"0":1,"1":1,"2":30,"3":30,"4":1,"5":1,"6":1,"7":24,"8":1,"9":1,"10":3,"11":1,"12":3,"13":1,"14":1,"15":1,"16":1,"17":1,"18":1,"19":3,"20":3,"21":3,"22":1,"23":3,"24":3,"25":3,"26":3,"27":1,"28":4,"29":4,"30":4,"31":1,"32":2,"33":1,"34":2,"35":2,"36":1,"37":1},"f":{"0":1,"1":30,"2":1,"3":24,"4":1,"5":3,"6":3,"7":1,"8":3,"9":3,"10":4,"11":2,"12":2},"b":{"0":[4,4,3]}}
}
