TN:
SF:src/Point.ts
FN:1,(anonymous_0)
FN:2,Point
FN:4,(anonymous_2)
FNF:3
FNH:3
FNDA:1,(anonymous_0)
FNDA:60,Point
FNDA:2,(anonymous_2)
DA:1,1
DA:2,84
DA:4,1
DA:5,2
DA:7,1
LF:5
LH:5
BRDA:2,0,0,0
BRDA:2,0,1,60
BRDA:2,1,0,0
BRDA:2,1,1,60
BRDA:2,2,0,24
BRDA:2,2,1,36
BRF:6
BRH:4
end_of_record
TN:
SF:src/Vector.ts
FN:3,(anonymous_1)
FN:4,Vector
FN:6,(anonymous_3)
FN:10,(anonymous_4)
FN:18,(anonymous_5)
FN:19,(anonymous_6)
FN:20,(anonymous_7)
FN:24,(anonymous_8)
FN:30,(anonymous_9)
FN:36,(anonymous_10)
FN:47,(anonymous_11)
FN:53,(anonymous_12)
FN:57,(anonymous_13)
FNF:13
FNH:13
FNDA:1,(anonymous_1)
FNDA:30,Vector
FNDA:1,(anonymous_3)
FNDA:24,(anonymous_4)
FNDA:1,(anonymous_5)
FNDA:3,(anonymous_6)
FNDA:3,(anonymous_7)
FNDA:1,(anonymous_8)
FNDA:3,(anonymous_9)
FNDA:3,(anonymous_10)
FNDA:4,(anonymous_11)
FNDA:2,(anonymous_12)
FNDA:2,(anonymous_13)
DA:1,1
DA:3,1
DA:4,30
DA:6,1
DA:7,1
DA:10,1
DA:11,24
DA:18,1
DA:19,3
DA:20,3
DA:21,1
DA:24,1
DA:25,1
DA:26,1
DA:27,1
DA:30,1
DA:31,3
DA:32,3
DA:33,3
DA:36,1
DA:37,3
DA:38,3
DA:39,3
DA:44,3
DA:47,1
DA:48,4
DA:49,4
DA:50,4
DA:53,1
DA:54,2
DA:57,1
DA:58,2
DA:59,2
DA:61,1
LF:34
LH:34
BRDA:50,0,0,4
BRDA:50,0,1,4
BRDA:50,0,2,3
BRF:3
BRH:3
end_of_record
